<?xml version="1.0" encoding="UTF-8"?>
<testsuite xmlns:xsi="http://www.w3.org/2001/XMLSchema-instance" xsi:noNamespaceSchemaLocation="https://maven.apache.org/surefire/maven-surefire-plugin/xsd/surefire-test-report-3.0.xsd" version="3.0" name="visualparadigm.crazyeightgame.DeckTest" time="0.0" tests="2" errors="0" skipped="0" failures="0">
  <properties>
    <property name="java.specification.version" value="21"/>
    <property name="sun.cpu.isalist" value="amd64"/>
    <property name="sun.jnu.encoding" value="MS949"/>
    <property name="java.class.path" value="C:\Users\sungg\OneDrive\Desktop\game\CrazyEightGame\target\test-classes;C:\Users\sungg\OneDrive\Desktop\game\CrazyEightGame\target\classes;C:\Users\sungg\.m2\repository\junit\junit\4.13.2\junit-4.13.2.jar;C:\Users\sungg\.m2\repository\org\hamcrest\hamcrest-core\1.3\hamcrest-core-1.3.jar;"/>
    <property name="java.vm.vendor" value="BellSoft"/>
    <property name="sun.arch.data.model" value="64"/>
    <property name="user.variant" value=""/>
    <property name="java.vendor.url" value="https://bell-sw.com/"/>
    <property name="user.timezone" value="America/Toronto"/>
    <property name="os.name" value="Windows 11"/>
    <property name="java.vm.specification.version" value="21"/>
    <property name="user.country" value="KR"/>
    <property name="sun.java.launcher" value="SUN_STANDARD"/>
    <property name="sun.boot.library.path" value="C:\Program Files\BellSoft\LibericaJDK-21-Full\bin"/>
    <property name="sun.java.command" value="C:\Users\sungg\AppData\Local\Temp\surefire4989118285466732054\surefirebooter-20250321222411561_3.jar C:\Users\sungg\AppData\Local\Temp\surefire4989118285466732054 2025-03-21T22-24-11_464-jvmRun1 surefire-20250321222411561_1tmp surefire_0-20250321222411561_2tmp"/>
    <property name="jdk.debug" value="release"/>
    <property name="surefire.test.class.path" value="C:\Users\sungg\OneDrive\Desktop\game\CrazyEightGame\target\test-classes;C:\Users\sungg\OneDrive\Desktop\game\CrazyEightGame\target\classes;C:\Users\sungg\.m2\repository\junit\junit\4.13.2\junit-4.13.2.jar;C:\Users\sungg\.m2\repository\org\hamcrest\hamcrest-core\1.3\hamcrest-core-1.3.jar;"/>
    <property name="sun.cpu.endian" value="little"/>
    <property name="user.home" value="C:\Users\sungg"/>
    <property name="user.language" value="ko"/>
    <property name="java.specification.vendor" value="Oracle Corporation"/>
    <property name="java.version.date" value="2024-07-16"/>
    <property name="java.home" value="C:\Program Files\BellSoft\LibericaJDK-21-Full"/>
    <property name="file.separator" value="\"/>
    <property name="basedir" value="C:\Users\sungg\OneDrive\Desktop\game\CrazyEightGame"/>
    <property name="java.vm.compressedOopsMode" value="Zero based"/>
    <property name="line.separator" value="&#10;"/>
    <property name="java.vm.specification.vendor" value="Oracle Corporation"/>
    <property name="java.specification.name" value="Java Platform API Specification"/>
    <property name="surefire.real.class.path" value="C:\Users\sungg\AppData\Local\Temp\surefire4989118285466732054\surefirebooter-20250321222411561_3.jar"/>
    <property name="user.script" value=""/>
    <property name="sun.management.compiler" value="HotSpot 64-Bit Tiered Compilers"/>
    <property name="java.runtime.version" value="21.0.4+9-LTS"/>
    <property name="user.name" value="sungg"/>
    <property name="stdout.encoding" value="MS949"/>
    <property name="path.separator" value=";"/>
    <property name="os.version" value="10.0"/>
    <property name="java.runtime.name" value="OpenJDK Runtime Environment"/>
    <property name="file.encoding" value="UTF-8"/>
    <property name="java.vm.name" value="OpenJDK 64-Bit Server VM"/>
    <property name="maven.ext.class.path" value="C:\Program Files\NetBeans-24\netbeans\java\maven-nblib\netbeans-eventspy.jar"/>
    <property name="localRepository" value="C:\Users\sungg\.m2\repository"/>
    <property name="java.vendor.url.bug" value="https://bell-sw.com/support"/>
    <property name="java.io.tmpdir" value="C:\Users\sungg\AppData\Local\Temp\"/>
    <property name="java.version" value="21.0.4"/>
    <property name="user.dir" value="C:\Users\sungg\OneDrive\Desktop\game\CrazyEightGame"/>
    <property name="os.arch" value="amd64"/>
    <property name="java.vm.specification.name" value="Java Virtual Machine Specification"/>
    <property name="sun.os.patch.level" value=""/>
    <property name="native.encoding" value="MS949"/>
    <property name="java.library.path" value="C:\Program Files\BellSoft\LibericaJDK-21-Full\bin;C:\WINDOWS\Sun\Java\bin;C:\WINDOWS\system32;C:\WINDOWS;C:\Program Files\Eclipse Adoptium\jdk-21.0.5.11-hotspot\bin;C:\Python312\Scripts\;C:\Python312\;C:\Program Files\BellSoft\LibericaJDK-21-Full\bin\;C:\Windows\system32;C:\Windows;C:\Windows\System32\Wbem;C:\Windows\System32\WindowsPowerShell\v1.0\;C:\Windows\System32\OpenSSH\;C:\Program Files (x86)\NVIDIA Corporation\PhysX\Common;C:\Program Files\NVIDIA Corporation\NVIDIA NvDLISR;C:\Program Files\Git\cmd;C:\Program Files\Bandizip\;C:\Program Files\dotnet\;C:\WINDOWS\system32;C:\WINDOWS;C:\WINDOWS\System32\Wbem;C:\WINDOWS\System32\WindowsPowerShell\v1.0\;C:\WINDOWS\System32\OpenSSH\;C:\Program Files\nodejs\;C:\ProgramData\chocolatey\bin;C:\Users\sungg\AppData\Local\Microsoft\WindowsApps;C:\Users\sungg\AppData\Local\Programs\Microsoft VS Code\bin;C:\Users\sungg\AppData\Local\Programs\Azure Data Studio\bin;C:\Users\sungg\AppData\Roaming\npm;C:\Users\sungg\AppData\Local\Android\Sdk\emulator;C:\Users\sungg\AppData\Local\GitHubDesktop\bin;C:\Users\sungg\AppData\Local\Programs\Ollama;."/>
    <property name="java.vm.info" value="mixed mode, sharing"/>
    <property name="stderr.encoding" value="MS949"/>
    <property name="java.vendor" value="BellSoft"/>
    <property name="java.vm.version" value="21.0.4+9-LTS"/>
    <property name="sun.io.unicode.encoding" value="UnicodeLittle"/>
    <property name="java.class.version" value="65.0"/>
  </properties>
  <testcase name="testshuffle" classname="visualparadigm.crazyeightgame.DeckTest" time="0.0"/>
  <testcase name="teststartDeck" classname="visualparadigm.crazyeightgame.DeckTest" time="0.0"/>
</testsuite>